2025-06-30 23:50:11 INFO  TestElement:119 - Starting test case: LoginTest
2025-06-30 23:50:11 DEBUG TestElement:120 - Opening browser
2025-06-30 23:50:53 INFO  TestElement:119 - Starting test case: LoginTest
2025-06-30 23:50:53 DEBUG TestElement:120 - Opening browser
2025-07-09 15:17:02 INFO  TestElement:40 - Info Message
2025-07-09 15:29:31 INFO  TestElement:40 - Info Message
2025-07-09 15:32:54 INFO  TestElement:40 - Info Message
2025-07-09 15:39:42 INFO  TestElement:39 - Info Message
2025-07-09 15:41:04 INFO  TestElement:39 - Info Message
2025-07-09 15:45:03 INFO  TestElement:39 - Browser page successfully loaded
2025-07-09 15:45:32 INFO  TestElement:43 - Element button successfully clicked
2025-07-09 15:45:58 INFO  TestElement:54 - Fields action completed.. clicking submit button
2025-07-09 15:45:58 INFO  TestElement:56 - Successfully submitted
2025-07-28 11:53:45 INFO  TestElement:40 - Browser page successfully loaded
2025-07-28 11:54:00 INFO  TestElement:127 - Opens herokuapp page
2025-07-28 11:54:00 INFO  TestElement:130 - Checks navigations
2025-07-28 16:20:06 INFO  TestElement:152 - Grt Jewels website opened successfully
2025-07-28 16:21:06 INFO  TestElement:152 - Grt Jewels website opened successfully
2025-07-28 16:29:35 INFO  TestElement:152 - Grt Jewels website opened successfully
2025-07-28 16:30:00 INFO  TestElement:156 - Todays gold rate is 
2025-07-28 23:29:16 INFO  TestElement:152 - Grt Jewels website opened successfully
2025-07-28 23:29:18 INFO  TestElement:156 - Todays gold rate is 
2025-07-28 23:30:06 INFO  TestElement:152 - Grt Jewels website opened successfully
2025-07-28 23:30:06 INFO  TestElement:157 - Todays gold rate is 
2025-07-28 23:52:42 INFO  TestElement:152 - Grt Jewels website opened successfully
2025-07-29 15:56:33 INFO  TestElement:152 - Grt Jewels website opened successfully
2025-07-29 15:57:36 INFO  TestElement:152 - Grt Jewels website opened successfully
2025-07-29 15:59:17 INFO  TestElement:152 - Grt Jewels website opened successfully
2025-07-29 15:59:38 INFO  TestElement:152 - Grt Jewels website opened successfully
2025-07-29 16:05:54 INFO  TestElement:152 - Grt Jewels website opened successfully
2025-07-29 16:06:58 INFO  TestElement:160 - Todays gold rate is GOLD 22 KT/1g - ₹ 9150
2025-07-29 16:11:45 INFO  TestElement:150 - Grt Jewels website opened successfully
2025-07-29 16:11:47 INFO  TestElement:155 - Today's gold rate is GOLD 22 KT/1g - ₹ 9150
